Detected ibrav 12 from lattice vectors.
You have selected Pulay or Broyden mixing so potential acceleration is disabled.
Too many eigenvalue multigrid levels specified. Resetting to 1
RMG running with 8 MPI procs per host.
C4: Numa aware allocation with 8 MPI procs, 128 cores and 4 numa nodes per host.
Running with 7 Open MP threads.
Running with 5 RMG threads.

               * * * * * * * * * *
               *    R   M   G    *
               * * * * * * * * * *

 -- A Real Space Multigrid Electronic structure code --
 --      More information at www.rmgdft.org          --



NOTICE: RMG internal pseudopotentials have switched to
ONCVP from Ultrasoft. You can revert to Ultrasoft by
adding the input tag internal_pseudo_type="ultrasoft" to
your input files.


 quench: [md:   0/100  scf:   0/200  step time: 586.88  scf time:   588.40 secs  RMS[dV]: ******** ]
 quench: [md:   0/100  scf:   1/200  step time: 232.59  scf time:   820.99 secs  RMS[dV]: 3.87e+00 ]
 quench: [md:   0/100  scf:   2/200  step time: 145.22  scf time:   966.21 secs  RMS[dV]: 2.39e-01 ]
 quench: [md:   0/100  scf:   3/200  step time: 114.17  scf time:  1080.38 secs  RMS[dV]: 2.74e-01 ]
 quench: [md:   0/100  scf:   4/200  step time: 262.26  scf time:  1342.64 secs  RMS[dV]: 2.22e-01 ]
 quench: [md:   0/100  scf:   5/200  step time: 236.88  scf time:  1579.53 secs  RMS[dV]: 8.22e-02 ]
 quench: [md:   0/100  scf:   6/200  step time: 289.22  scf time:  1868.76 secs  RMS[dV]: 3.90e-02 ]
 quench: [md:   0/100  scf:   7/200  step time: 273.57  scf time:  2142.33 secs  RMS[dV]: 2.88e-02 ]
 quench: [md:   0/100  scf:   8/200  step time: 118.09  scf time:  2260.42 secs  RMS[dV]: 4.14e-02 ]
 quench: [md:   0/100  scf:   9/200  step time: 144.02  scf time:  2404.44 secs  RMS[dV]: 2.67e-02 ]
 quench: [md:   0/100  scf:  10/200  step time: 246.35  scf time:  2650.79 secs  RMS[dV]: 2.84e-02 ]
 quench: [md:   0/100  scf:  11/200  step time: 343.39  scf time:  2994.18 secs  RMS[dV]: 1.49e-02 ]
 quench: [md:   0/100  scf:  12/200  step time: 200.01  scf time:  3194.20 secs  RMS[dV]: 1.18e-02 ]
 quench: [md:   0/100  scf:  13/200  step time: 345.47  scf time:  3539.66 secs  RMS[dV]: 4.77e-03 ]
 quench: [md:   0/100  scf:  14/200  step time: 349.15  scf time:  3888.81 secs  RMS[dV]: 4.86e-03 ]
 quench: [md:   0/100  scf:  15/200  step time: 443.14  scf time:  4331.96 secs  RMS[dV]: 7.57e-03 ]
 quench: [md:   0/100  scf:  16/200  step time: 281.95  scf time:  4613.91 secs  RMS[dV]: 8.68e-03 ]
 quench: [md:   0/100  scf:  17/200  step time: 157.94  scf time:  4771.85 secs  RMS[dV]: 5.34e-03 ]
 quench: [md:   0/100  scf:  18/200  step time: 263.34  scf time:  5035.19 secs  RMS[dV]: 4.40e-03 ]
 quench: [md:   0/100  scf:  19/200  step time: 235.13  scf time:  5270.32 secs  RMS[dV]: 4.52e-03 ]
 quench: [md:   0/100  scf:  20/200  step time: 117.15  scf time:  5387.47 secs  RMS[dV]: 3.96e-03 ]
 quench: [md:   0/100  scf:  21/200  step time: 153.31  scf time:  5540.78 secs  RMS[dV]: 3.53e-03 ]
 quench: [md:   0/100  scf:  22/200  step time: 132.24  scf time:  5673.02 secs  RMS[dV]: 3.14e-03 ]
 quench: [md:   0/100  scf:  23/200  step time: 118.08  scf time:  5791.10 secs  RMS[dV]: 3.02e-03 ]
 quench: [md:   0/100  scf:  24/200  step time: 116.86  scf time:  5907.96 secs  RMS[dV]: 2.71e-03 ]
 quench: [md:   0/100  scf:  25/200  step time: 147.37  scf time:  6055.33 secs  RMS[dV]: 2.54e-03 ]
 quench: [md:   0/100  scf:  26/200  step time: 132.36  scf time:  6187.69 secs  RMS[dV]: 2.54e-03 ]
 quench: [md:   0/100  scf:  27/200  step time: 115.10  scf time:  6302.79 secs  RMS[dV]: 2.57e-03 ]
 quench: [md:   0/100  scf:  28/200  step time: 116.31  scf time:  6419.10 secs  RMS[dV]: 2.35e-03 ]
 quench: [md:   0/100  scf:  29/200  step time: 197.62  scf time:  6616.71 secs  RMS[dV]: 2.34e-03 ]
