Detected ibrav 12 from lattice vectors.
You have selected Pulay or Broyden mixing so potential acceleration is disabled.
Too many eigenvalue multigrid levels specified. Resetting to 1
RMG running with 8 MPI procs per host.
C4: Numa aware allocation with 8 MPI procs, 128 cores and 4 numa nodes per host.
Running with 7 Open MP threads.
Running with 5 RMG threads.

               * * * * * * * * * *
               *    R   M   G    *
               * * * * * * * * * *

 -- A Real Space Multigrid Electronic structure code --
 --      More information at www.rmgdft.org          --



NOTICE: RMG internal pseudopotentials have switched to
ONCVP from Ultrasoft. You can revert to Ultrasoft by
adding the input tag internal_pseudo_type="ultrasoft" to
your input files.


 quench: [md:   0/100  scf:   0/200  step time: 615.68  scf time:   617.00 secs  RMS[dV]: ******** ]
 quench: [md:   0/100  scf:   1/200  step time: 279.09  scf time:   896.09 secs  RMS[dV]: 3.86e+00 ]
 quench: [md:   0/100  scf:   2/200  step time: 156.75  scf time:  1052.83 secs  RMS[dV]: 1.35e+00 ]
 quench: [md:   0/100  scf:   3/200  step time: 124.09  scf time:  1176.93 secs  RMS[dV]: 6.38e-01 ]
 quench: [md:   0/100  scf:   4/200  step time: 269.12  scf time:  1446.05 secs  RMS[dV]: 2.92e-01 ]
 quench: [md:   0/100  scf:   5/200  step time: 329.76  scf time:  1775.81 secs  RMS[dV]: 7.03e-02 ]
 quench: [md:   0/100  scf:   6/200  step time: 290.05  scf time:  2065.86 secs  RMS[dV]: 2.71e-02 ]
 quench: [md:   0/100  scf:   7/200  step time: 126.22  scf time:  2192.08 secs  RMS[dV]: 7.62e-02 ]
 quench: [md:   0/100  scf:   8/200  step time: 157.41  scf time:  2349.49 secs  RMS[dV]: 3.71e-02 ]
 quench: [md:   0/100  scf:   9/200  step time: 125.65  scf time:  2475.14 secs  RMS[dV]: 5.74e-02 ]
 quench: [md:   0/100  scf:  10/200  step time: 284.48  scf time:  2759.63 secs  RMS[dV]: 2.29e-02 ]
 quench: [md:   0/100  scf:  11/200  step time: 125.98  scf time:  2885.61 secs  RMS[dV]: 3.02e-02 ]
 quench: [md:   0/100  scf:  12/200  step time: 241.76  scf time:  3127.37 secs  RMS[dV]: 1.08e-02 ]
 quench: [md:   0/100  scf:  13/200  step time: 353.03  scf time:  3480.40 secs  RMS[dV]: 6.09e-03 ]
 quench: [md:   0/100  scf:  14/200  step time: 160.11  scf time:  3640.51 secs  RMS[dV]: 9.18e-03 ]
 quench: [md:   0/100  scf:  15/200  step time: 343.14  scf time:  3983.66 secs  RMS[dV]: 7.50e-03 ]
 quench: [md:   0/100  scf:  16/200  step time: 475.75  scf time:  4459.40 secs  RMS[dV]: 4.23e-03 ]
 quench: [md:   0/100  scf:  17/200  step time: 381.31  scf time:  4840.71 secs  RMS[dV]: 3.70e-03 ]
 quench: [md:   0/100  scf:  18/200  step time: 402.66  scf time:  5243.37 secs  RMS[dV]: 3.03e-03 ]
 quench: [md:   0/100  scf:  19/200  step time: 284.16  scf time:  5527.53 secs  RMS[dV]: 4.34e-03 ]
 quench: [md:   0/100  scf:  20/200  step time: 219.91  scf time:  5747.44 secs  RMS[dV]: 2.16e-03 ]
 quench: [md:   0/100  scf:  21/200  step time: 167.77  scf time:  5915.21 secs  RMS[dV]: 2.19e-03 ]
 quench: [md:   0/100  scf:  22/200  step time: 160.16  scf time:  6075.37 secs  RMS[dV]: 2.16e-03 ]
 quench: [md:   0/100  scf:  23/200  step time: 129.32  scf time:  6204.70 secs  RMS[dV]: 2.37e-03 ]
 quench: [md:   0/100  scf:  24/200  step time: 126.91  scf time:  6331.61 secs  RMS[dV]: 1.92e-03 ]
 quench: [md:   0/100  scf:  25/200  step time: 221.16  scf time:  6552.77 secs  RMS[dV]: 1.73e-03 ]
 quench: [md:   0/100  scf:  26/200  step time: 128.24  scf time:  6681.01 secs  RMS[dV]: 2.07e-03 ]
