Detected ibrav 15 from lattice vectors.
You have selected Pulay or Broyden mixing so potential acceleration is disabled.
Too many eigenvalue multigrid levels specified. Resetting to 1
RMG running with 8 MPI procs per host.
C4: Numa aware allocation with 8 MPI procs, 128 cores and 4 numa nodes per host.
Running with 7 Open MP threads.
Running with 5 RMG threads.

               * * * * * * * * * *
               *    R   M   G    *
               * * * * * * * * * *

 -- A Real Space Multigrid Electronic structure code --
 --      More information at www.rmgdft.org          --



NOTICE: RMG internal pseudopotentials have switched to
ONCVP from Ultrasoft. You can revert to Ultrasoft by
adding the input tag internal_pseudo_type="ultrasoft" to
your input files.


 quench: [md:   0/100  scf:   0/200  step time: 415.80  scf time:   416.58 secs  RMS[dV]: ******** ]
 quench: [md:   0/100  scf:   1/200  step time: 186.48  scf time:   603.06 secs  RMS[dV]: 3.88e+00 ]
 quench: [md:   0/100  scf:   2/200  step time: 106.67  scf time:   709.73 secs  RMS[dV]: 1.31e+00 ]
 quench: [md:   0/100  scf:   3/200  step time:  85.98  scf time:   795.71 secs  RMS[dV]: 5.52e-01 ]
 quench: [md:   0/100  scf:   4/200  step time: 185.13  scf time:   980.84 secs  RMS[dV]: 3.49e-01 ]
 quench: [md:   0/100  scf:   5/200  step time: 106.32  scf time:  1087.17 secs  RMS[dV]: 2.07e-01 ]
 quench: [md:   0/100  scf:   6/200  step time: 243.58  scf time:  1330.75 secs  RMS[dV]: 3.93e-02 ]
 quench: [md:   0/100  scf:   7/200  step time:  84.13  scf time:  1414.88 secs  RMS[dV]: 3.98e-02 ]
 quench: [md:   0/100  scf:   8/200  step time:  84.80  scf time:  1499.68 secs  RMS[dV]: 3.74e-02 ]
 quench: [md:   0/100  scf:   9/200  step time:  85.58  scf time:  1585.26 secs  RMS[dV]: 2.87e-02 ]
 quench: [md:   0/100  scf:  10/200  step time: 176.25  scf time:  1761.52 secs  RMS[dV]: 3.28e-02 ]
 quench: [md:   0/100  scf:  11/200  step time: 108.45  scf time:  1869.97 secs  RMS[dV]: 2.40e-02 ]
 quench: [md:   0/100  scf:  12/200  step time: 107.79  scf time:  1977.76 secs  RMS[dV]: 2.22e-02 ]
 quench: [md:   0/100  scf:  13/200  step time: 321.02  scf time:  2298.78 secs  RMS[dV]: 9.04e-03 ]
 quench: [md:   0/100  scf:  14/200  step time: 242.72  scf time:  2541.50 secs  RMS[dV]: 9.51e-03 ]
 quench: [md:   0/100  scf:  15/200  step time: 193.72  scf time:  2735.22 secs  RMS[dV]: 8.79e-03 ]
 quench: [md:   0/100  scf:  16/200  step time: 256.45  scf time:  2991.67 secs  RMS[dV]: 5.69e-03 ]
 quench: [md:   0/100  scf:  17/200  step time: 288.34  scf time:  3280.01 secs  RMS[dV]: 4.68e-03 ]
 quench: [md:   0/100  scf:  18/200  step time: 153.58  scf time:  3433.59 secs  RMS[dV]: 2.95e-03 ]
 quench: [md:   0/100  scf:  19/200  step time:  83.57  scf time:  3517.16 secs  RMS[dV]: 2.45e-03 ]
 quench: [md:   0/100  scf:  20/200  step time:  83.40  scf time:  3600.57 secs  RMS[dV]: 2.60e-03 ]
 quench: [md:   0/100  scf:  21/200  step time:  84.91  scf time:  3685.47 secs  RMS[dV]: 3.80e-03 ]
 quench: [md:   0/100  scf:  22/200  step time:  89.15  scf time:  3774.62 secs  RMS[dV]: 2.95e-03 ]
 quench: [md:   0/100  scf:  23/200  step time:  84.77  scf time:  3859.39 secs  RMS[dV]: 2.02e-03 ]
 quench: [md:   0/100  scf:  24/200  step time:  82.85  scf time:  3942.25 secs  RMS[dV]: 3.43e-03 ]
 quench: [md:   0/100  scf:  25/200  step time:  85.00  scf time:  4027.25 secs  RMS[dV]: 3.29e-03 ]
 quench: [md:   0/100  scf:  26/200  step time:  87.11  scf time:  4114.36 secs  RMS[dV]: 2.90e-03 ]
 quench: [md:   0/100  scf:  27/200  step time:  83.29  scf time:  4197.65 secs  RMS[dV]: 2.45e-03 ]
 quench: [md:   0/100  scf:  28/200  step time:  84.72  scf time:  4282.37 secs  RMS[dV]: 3.30e-03 ]
 quench: [md:   0/100  scf:  29/200  step time: 105.97  scf time:  4388.34 secs  RMS[dV]: 2.21e-03 ]
 quench: [md:   0/100  scf:  30/200  step time:  84.92  scf time:  4473.26 secs  RMS[dV]: 2.09e-03 ]
 quench: [md:   0/100  scf:  31/200  step time:  84.65  scf time:  4557.91 secs  RMS[dV]: 1.97e-03 ]
 quench: [md:   0/100  scf:  32/200  step time:  83.17  scf time:  4641.08 secs  RMS[dV]: 1.53e-03 ]
 quench: [md:   0/100  scf:  33/200  step time: 150.43  scf time:  4791.51 secs  RMS[dV]: 3.15e-03 ]
 quench: [md:   0/100  scf:  34/200  step time:  85.98  scf time:  4877.48 secs  RMS[dV]: 1.92e-03 ]
 quench: [md:   0/100  scf:  35/200  step time: 108.10  scf time:  4985.58 secs  RMS[dV]: 1.81e-03 ]
 quench: [md:   0/100  scf:  36/200  step time:  84.34  scf time:  5069.92 secs  RMS[dV]: 1.06e-03 ]
 quench: [md:   0/100  scf:  37/200  step time: 173.31  scf time:  5243.23 secs  RMS[dV]: 5.27e-04 ]
 quench: [md:   0/100  scf:  38/200  step time:  84.00  scf time:  5327.23 secs  RMS[dV]: 6.06e-04 ]
 quench: [md:   0/100  scf:  39/200  step time:  83.24  scf time:  5410.47 secs  RMS[dV]: 8.00e-04 ]
 quench: [md:   0/100  scf:  40/200  step time:  86.96  scf time:  5497.43 secs  RMS[dV]: 4.29e-04 ]
 quench: [md:   0/100  scf:  41/200  step time:  83.73  scf time:  5581.16 secs  RMS[dV]: 3.59e-04 ]
 quench: [md:   0/100  scf:  42/200  step time:  83.83  scf time:  5664.99 secs  RMS[dV]: 5.50e-04 ]
 quench: [md:   0/100  scf:  43/200  step time:  83.44  scf time:  5748.43 secs  RMS[dV]: 6.98e-04 ]
 quench: [md:   0/100  scf:  44/200  step time:  84.59  scf time:  5833.02 secs  RMS[dV]: 4.83e-04 ]
 quench: [md:   0/100  scf:  45/200  step time:  84.81  scf time:  5917.83 secs  RMS[dV]: 5.15e-04 ]
 quench: [md:   0/100  scf:  46/200  step time:  83.82  scf time:  6001.65 secs  RMS[dV]: 6.96e-04 ]
 quench: [md:   0/100  scf:  47/200  step time:  84.11  scf time:  6085.76 secs  RMS[dV]: 3.32e-04 ]
 quench: [md:   0/100  scf:  48/200  step time:  85.09  scf time:  6170.86 secs  RMS[dV]: 4.59e-04 ]
 quench: [md:   0/100  scf:  49/200  step time:  84.10  scf time:  6254.96 secs  RMS[dV]: 5.10e-04 ]
 quench: [md:   0/100  scf:  50/200  step time:  86.62  scf time:  6341.59 secs  RMS[dV]: 5.08e-04 ]
 quench: [md:   0/100  scf:  51/200  step time: 105.67  scf time:  6447.25 secs  RMS[dV]: 3.70e-04 ]
 quench: [md:   0/100  scf:  52/200  step time:  85.11  scf time:  6532.36 secs  RMS[dV]: 2.88e-04 ]
 quench: [md:   0/100  scf:  53/200  step time: 107.09  scf time:  6639.45 secs  RMS[dV]: 7.64e-04 ]
 quench: [md:   0/100  scf:  54/200  step time:  84.66  scf time:  6724.12 secs  RMS[dV]: 2.52e-04 ]
 quench: [md:   0/100  scf:  55/200  step time:  86.83  scf time:  6810.95 secs  RMS[dV]: 2.84e-04 ]
