Detected ibrav 15 from lattice vectors.
You have selected Pulay or Broyden mixing so potential acceleration is disabled.
Too many eigenvalue multigrid levels specified. Resetting to 1
RMG running with 8 MPI procs per host.
C4: Numa aware allocation with 8 MPI procs, 128 cores and 4 numa nodes per host.
Running with 7 Open MP threads.
Running with 5 RMG threads.

               * * * * * * * * * *
               *    R   M   G    *
               * * * * * * * * * *

 -- A Real Space Multigrid Electronic structure code --
 --      More information at www.rmgdft.org          --



NOTICE: RMG internal pseudopotentials have switched to
ONCVP from Ultrasoft. You can revert to Ultrasoft by
adding the input tag internal_pseudo_type="ultrasoft" to
your input files.


 quench: [md:   0/100  scf:   0/200  step time: 129.56  scf time:   130.55 secs  RMS[dV]: ******** ]
 quench: [md:   0/100  scf:   1/200  step time:  44.90  scf time:   175.44 secs  RMS[dV]: 3.85e+00 ]
 quench: [md:   0/100  scf:   2/200  step time:  25.64  scf time:   201.08 secs  RMS[dV]: 1.50e-01 ]
 quench: [md:   0/100  scf:   3/200  step time:  53.50  scf time:   254.59 secs  RMS[dV]: 4.90e-02 ]
 quench: [md:   0/100  scf:   4/200  step time:  82.86  scf time:   337.45 secs  RMS[dV]: 1.08e-01 ]
 quench: [md:   0/100  scf:   5/200  step time:  32.87  scf time:   370.32 secs  RMS[dV]: 5.83e-02 ]
 quench: [md:   0/100  scf:   6/200  step time:  59.16  scf time:   429.48 secs  RMS[dV]: 2.65e-02 ]
 quench: [md:   0/100  scf:   7/200  step time:  32.34  scf time:   461.82 secs  RMS[dV]: 3.53e-02 ]
 quench: [md:   0/100  scf:   8/200  step time:  50.65  scf time:   512.46 secs  RMS[dV]: 1.33e-02 ]
 quench: [md:   0/100  scf:   9/200  step time:  48.27  scf time:   560.74 secs  RMS[dV]: 9.83e-03 ]
 quench: [md:   0/100  scf:  10/200  step time:  32.31  scf time:   593.05 secs  RMS[dV]: 8.99e-03 ]
 quench: [md:   0/100  scf:  11/200  step time:  25.02  scf time:   618.07 secs  RMS[dV]: 1.04e-02 ]
 quench: [md:   0/100  scf:  12/200  step time:  91.81  scf time:   709.88 secs  RMS[dV]: 7.14e-03 ]
 quench: [md:   0/100  scf:  13/200  step time:  97.81  scf time:   807.69 secs  RMS[dV]: 5.93e-03 ]
 quench: [md:   0/100  scf:  14/200  step time:  71.29  scf time:   878.98 secs  RMS[dV]: 4.51e-03 ]
 quench: [md:   0/100  scf:  15/200  step time:  72.51  scf time:   951.50 secs  RMS[dV]: 3.76e-03 ]
 quench: [md:   0/100  scf:  16/200  step time:  48.96  scf time:  1000.46 secs  RMS[dV]: 3.47e-03 ]
 quench: [md:   0/100  scf:  17/200  step time:  49.88  scf time:  1050.34 secs  RMS[dV]: 3.26e-03 ]
 quench: [md:   0/100  scf:  18/200  step time:  34.18  scf time:  1084.52 secs  RMS[dV]: 2.72e-03 ]
 quench: [md:   0/100  scf:  19/200  step time:  32.16  scf time:  1116.68 secs  RMS[dV]: 2.60e-03 ]
 quench: [md:   0/100  scf:  20/200  step time:  46.44  scf time:  1163.12 secs  RMS[dV]: 2.68e-03 ]
 quench: [md:   0/100  scf:  21/200  step time:  33.09  scf time:  1196.21 secs  RMS[dV]: 2.17e-03 ]
 quench: [md:   0/100  scf:  22/200  step time:  47.68  scf time:  1243.89 secs  RMS[dV]: 2.39e-03 ]
 quench: [md:   0/100  scf:  23/200  step time:  64.67  scf time:  1308.56 secs  RMS[dV]: 1.30e-03 ]
 quench: [md:   0/100  scf:  24/200  step time:  33.59  scf time:  1342.14 secs  RMS[dV]: 9.46e-04 ]
 quench: [md:   0/100  scf:  25/200  step time:  52.71  scf time:  1394.86 secs  RMS[dV]: 9.95e-04 ]
 quench: [md:   0/100  scf:  26/200  step time:  32.29  scf time:  1427.14 secs  RMS[dV]: 7.58e-04 ]
 quench: [md:   0/100  scf:  27/200  step time:  33.10  scf time:  1460.24 secs  RMS[dV]: 6.85e-04 ]
 quench: [md:   0/100  scf:  28/200  step time:  46.70  scf time:  1506.94 secs  RMS[dV]: 6.81e-04 ]
 quench: [md:   0/100  scf:  29/200  step time:  24.07  scf time:  1531.01 secs  RMS[dV]: 4.82e-04 ]
 quench: [md:   0/100  scf:  30/200  step time:  24.80  scf time:  1555.82 secs  RMS[dV]: 5.14e-04 ]
 quench: [md:   0/100  scf:  31/200  step time:  24.76  scf time:  1580.58 secs  RMS[dV]: 6.06e-04 ]
 quench: [md:   0/100  scf:  32/200  step time:  61.17  scf time:  1641.75 secs  RMS[dV]: 1.34e-03 ]
 quench: [md:   0/100  scf:  33/200  step time:  33.33  scf time:  1675.08 secs  RMS[dV]: 4.04e-04 ]
 quench: [md:   0/100  scf:  34/200  step time:  32.68  scf time:  1707.76 secs  RMS[dV]: 3.07e-04 ]
 quench: [md:   0/100  scf:  35/200  step time:  33.01  scf time:  1740.77 secs  RMS[dV]: 6.53e-04 ]
 quench: [md:   0/100  scf:  36/200  step time:  44.66  scf time:  1785.43 secs  RMS[dV]: 5.79e-04 ]
 quench: [md:   0/100  scf:  37/200  step time:  55.00  scf time:  1840.44 secs  RMS[dV]: 5.10e-04 ]
 quench: [md:   0/100  scf:  38/200  step time:  53.24  scf time:  1893.68 secs  RMS[dV]: 2.70e-04 ]
 quench: [md:   0/100  scf:  39/200  step time:  55.57  scf time:  1949.25 secs  RMS[dV]: 4.57e-04 ]
 quench: [md:   0/100  scf:  40/200  step time:  32.59  scf time:  1981.84 secs  RMS[dV]: 2.31e-04 ]
 quench: [md:   0/100  scf:  41/200  step time:  65.26  scf time:  2047.10 secs  RMS[dV]: 3.47e-04 ]
 quench: [md:   0/100  scf:  42/200  step time: 111.45  scf time:  2158.55 secs  RMS[dV]: 1.36e-04 ]
 quench: [md:   0/100  scf:  43/200  step time:  59.76  scf time:  2218.31 secs  RMS[dV]: 1.35e-04 ]
 quench: [md:   0/100  scf:  44/200  step time:  53.51  scf time:  2271.83 secs  RMS[dV]: 5.83e-05 ]
 quench: [md:   0/100  scf:  45/200  step time:  33.32  scf time:  2305.14 secs  RMS[dV]: 5.13e-05 ]
 quench: [md:   0/100  scf:  46/200  step time:  51.43  scf time:  2356.57 secs  RMS[dV]: 8.02e-05 ]
 quench: [md:   0/100  scf:  47/200  step time:  32.25  scf time:  2388.83 secs  RMS[dV]: 4.56e-05 ]
 quench: [md:   0/100  scf:  48/200  step time:  72.54  scf time:  2461.36 secs  RMS[dV]: 5.48e-05 ]
 quench: [md:   0/100  scf:  49/200  step time:  53.74  scf time:  2515.10 secs  RMS[dV]: 1.97e-05 ]
 quench: [md:   0/100  scf:  50/200  step time:  45.21  scf time:  2560.31 secs  RMS[dV]: 1.46e-05 ]
 quench: [md:   0/100  scf:  51/200  step time:  32.43  scf time:  2592.74 secs  RMS[dV]: 2.47e-05 ]
 quench: [md:   0/100  scf:  52/200  step time:  31.91  scf time:  2624.65 secs  RMS[dV]: 2.34e-05 ]
 quench: [md:   0/100  scf:  53/200  step time:  23.82  scf time:  2648.47 secs  RMS[dV]: 1.54e-05 ]
 quench: [md:   0/100  scf:  54/200  step time:  25.90  scf time:  2674.37 secs  RMS[dV]: 1.26e-05 ]
 quench: [md:   0/100  scf:  55/200  step time:  26.60  scf time:  2700.97 secs  RMS[dV]: 1.16e-05 ]
 Convergence criterion reached: Energy variation (6.52e-11) is lower than threshold (1.00e-10)
 stress  total  in unit of kbar
 -12.933910  0.277619  -0.030563 
 0.277679  -13.218052  -0.301385 
 -0.030529  -0.301365  -17.404080 

MPICH Slingshot Network Summary: 919 network timeouts

