Detected ibrav 15 from lattice vectors.
You have selected Pulay or Broyden mixing so potential acceleration is disabled.
Too many eigenvalue multigrid levels specified. Resetting to 1
RMG running with 8 MPI procs per host.
C4: Numa aware allocation with 8 MPI procs, 128 cores and 4 numa nodes per host.
Running with 7 Open MP threads.
Running with 5 RMG threads.

               * * * * * * * * * *
               *    R   M   G    *
               * * * * * * * * * *

 -- A Real Space Multigrid Electronic structure code --
 --      More information at www.rmgdft.org          --



NOTICE: RMG internal pseudopotentials have switched to
ONCVP from Ultrasoft. You can revert to Ultrasoft by
adding the input tag internal_pseudo_type="ultrasoft" to
your input files.


 quench: [md:   0/100  scf:   0/200  step time:  67.71  scf time:    68.67 secs  RMS[dV]: ******** ]
 quench: [md:   0/100  scf:   1/200  step time:  23.24  scf time:    91.91 secs  RMS[dV]: 3.73e+00 ]
 quench: [md:   0/100  scf:   2/200  step time:  17.36  scf time:   109.27 secs  RMS[dV]: 2.55e-01 ]
 quench: [md:   0/100  scf:   3/200  step time:  13.73  scf time:   123.00 secs  RMS[dV]: 4.83e-01 ]
 quench: [md:   0/100  scf:   4/200  step time:  26.19  scf time:   149.19 secs  RMS[dV]: 2.28e-01 ]
 quench: [md:   0/100  scf:   5/200  step time:  17.92  scf time:   167.11 secs  RMS[dV]: 1.01e-01 ]
 quench: [md:   0/100  scf:   6/200  step time:  29.29  scf time:   196.40 secs  RMS[dV]: 4.92e-02 ]
 quench: [md:   0/100  scf:   7/200  step time:  42.79  scf time:   239.19 secs  RMS[dV]: 3.27e-02 ]
 quench: [md:   0/100  scf:   8/200  step time:  12.83  scf time:   252.02 secs  RMS[dV]: 4.17e-02 ]
 quench: [md:   0/100  scf:   9/200  step time:  17.00  scf time:   269.02 secs  RMS[dV]: 3.17e-02 ]
 quench: [md:   0/100  scf:  10/200  step time:  49.46  scf time:   318.48 secs  RMS[dV]: 1.29e-02 ]
 quench: [md:   0/100  scf:  11/200  step time:  16.27  scf time:   334.75 secs  RMS[dV]: 2.22e-02 ]
 quench: [md:   0/100  scf:  12/200  step time:  17.35  scf time:   352.10 secs  RMS[dV]: 1.54e-02 ]
 quench: [md:   0/100  scf:  13/200  step time:  47.15  scf time:   399.26 secs  RMS[dV]: 6.31e-03 ]
 quench: [md:   0/100  scf:  14/200  step time:  37.66  scf time:   436.91 secs  RMS[dV]: 1.13e-02 ]
 quench: [md:   0/100  scf:  15/200  step time:  13.53  scf time:   450.45 secs  RMS[dV]: 1.14e-02 ]
 quench: [md:   0/100  scf:  16/200  step time:  24.19  scf time:   474.64 secs  RMS[dV]: 3.42e-03 ]
 quench: [md:   0/100  scf:  17/200  step time:  31.85  scf time:   506.49 secs  RMS[dV]: 3.52e-03 ]
 quench: [md:   0/100  scf:  18/200  step time:  26.01  scf time:   532.49 secs  RMS[dV]: 3.53e-03 ]
 quench: [md:   0/100  scf:  19/200  step time:  17.98  scf time:   550.48 secs  RMS[dV]: 3.51e-03 ]
 quench: [md:   0/100  scf:  20/200  step time:  17.50  scf time:   567.99 secs  RMS[dV]: 3.32e-03 ]
 quench: [md:   0/100  scf:  21/200  step time:  17.62  scf time:   585.61 secs  RMS[dV]: 2.81e-03 ]
 quench: [md:   0/100  scf:  22/200  step time:  17.47  scf time:   603.07 secs  RMS[dV]: 2.64e-03 ]
 quench: [md:   0/100  scf:  23/200  step time:  16.73  scf time:   619.80 secs  RMS[dV]: 2.36e-03 ]
 quench: [md:   0/100  scf:  24/200  step time:  23.49  scf time:   643.30 secs  RMS[dV]: 2.35e-03 ]
 quench: [md:   0/100  scf:  25/200  step time:  23.92  scf time:   667.22 secs  RMS[dV]: 2.51e-03 ]
 quench: [md:   0/100  scf:  26/200  step time:  17.47  scf time:   684.69 secs  RMS[dV]: 1.84e-03 ]
 quench: [md:   0/100  scf:  27/200  step time:  25.35  scf time:   710.04 secs  RMS[dV]: 1.38e-03 ]
 quench: [md:   0/100  scf:  28/200  step time:  13.67  scf time:   723.71 secs  RMS[dV]: 1.30e-03 ]
 quench: [md:   0/100  scf:  29/200  step time:  13.52  scf time:   737.23 secs  RMS[dV]: 1.04e-03 ]
 quench: [md:   0/100  scf:  30/200  step time:  13.21  scf time:   750.44 secs  RMS[dV]: 9.99e-04 ]
 quench: [md:   0/100  scf:  31/200  step time:  16.58  scf time:   767.02 secs  RMS[dV]: 1.28e-03 ]
 quench: [md:   0/100  scf:  32/200  step time:  16.36  scf time:   783.38 secs  RMS[dV]: 7.13e-04 ]
 quench: [md:   0/100  scf:  33/200  step time:  13.50  scf time:   796.88 secs  RMS[dV]: 7.09e-04 ]
 quench: [md:   0/100  scf:  34/200  step time:  13.95  scf time:   810.83 secs  RMS[dV]: 7.24e-04 ]
 quench: [md:   0/100  scf:  35/200  step time:  13.45  scf time:   824.28 secs  RMS[dV]: 7.43e-04 ]
 quench: [md:   0/100  scf:  36/200  step time:  13.37  scf time:   837.66 secs  RMS[dV]: 8.19e-04 ]
 quench: [md:   0/100  scf:  37/200  step time:  13.64  scf time:   851.29 secs  RMS[dV]: 7.86e-04 ]
 quench: [md:   0/100  scf:  38/200  step time:  13.62  scf time:   864.92 secs  RMS[dV]: 9.55e-04 ]
 quench: [md:   0/100  scf:  39/200  step time:  13.25  scf time:   878.17 secs  RMS[dV]: 8.60e-04 ]
 quench: [md:   0/100  scf:  40/200  step time:  13.77  scf time:   891.94 secs  RMS[dV]: 7.64e-04 ]
 quench: [md:   0/100  scf:  41/200  step time:  13.63  scf time:   905.57 secs  RMS[dV]: 5.40e-04 ]
 quench: [md:   0/100  scf:  42/200  step time:  14.25  scf time:   919.82 secs  RMS[dV]: 6.40e-04 ]
 quench: [md:   0/100  scf:  43/200  step time:  13.72  scf time:   933.54 secs  RMS[dV]: 6.46e-04 ]
 quench: [md:   0/100  scf:  44/200  step time:  12.08  scf time:   945.62 secs  RMS[dV]: 6.02e-04 ]
 quench: [md:   0/100  scf:  45/200  step time:  13.07  scf time:   958.70 secs  RMS[dV]: 6.56e-04 ]
 quench: [md:   0/100  scf:  46/200  step time:  13.43  scf time:   972.12 secs  RMS[dV]: 6.37e-04 ]
 quench: [md:   0/100  scf:  47/200  step time:  13.32  scf time:   985.45 secs  RMS[dV]: 6.72e-04 ]
 quench: [md:   0/100  scf:  48/200  step time:  13.32  scf time:   998.77 secs  RMS[dV]: 6.10e-04 ]
 quench: [md:   0/100  scf:  49/200  step time:  13.39  scf time:  1012.15 secs  RMS[dV]: 4.76e-04 ]
 quench: [md:   0/100  scf:  50/200  step time:  12.89  scf time:  1025.04 secs  RMS[dV]: 6.74e-04 ]
 quench: [md:   0/100  scf:  51/200  step time:  13.86  scf time:  1038.90 secs  RMS[dV]: 6.25e-04 ]
 quench: [md:   0/100  scf:  52/200  step time:  13.59  scf time:  1052.49 secs  RMS[dV]: 8.12e-04 ]
 quench: [md:   0/100  scf:  53/200  step time:  27.72  scf time:  1080.21 secs  RMS[dV]: 4.13e-04 ]
 quench: [md:   0/100  scf:  54/200  step time:  24.16  scf time:  1104.37 secs  RMS[dV]: 9.39e-04 ]
 quench: [md:   0/100  scf:  55/200  step time:  17.17  scf time:  1121.53 secs  RMS[dV]: 2.55e-04 ]
 quench: [md:   0/100  scf:  56/200  step time:  18.42  scf time:  1139.96 secs  RMS[dV]: 4.19e-04 ]
 quench: [md:   0/100  scf:  57/200  step time:  22.93  scf time:  1162.89 secs  RMS[dV]: 2.75e-04 ]
 quench: [md:   0/100  scf:  58/200  step time:  18.29  scf time:  1181.18 secs  RMS[dV]: 2.27e-04 ]
 quench: [md:   0/100  scf:  59/200  step time:  16.58  scf time:  1197.76 secs  RMS[dV]: 2.59e-04 ]
 quench: [md:   0/100  scf:  60/200  step time:  30.94  scf time:  1228.70 secs  RMS[dV]: 2.27e-04 ]
 quench: [md:   0/100  scf:  61/200  step time:  16.34  scf time:  1245.04 secs  RMS[dV]: 2.61e-04 ]
 quench: [md:   0/100  scf:  62/200  step time:  27.60  scf time:  1272.65 secs  RMS[dV]: 2.77e-04 ]
 quench: [md:   0/100  scf:  63/200  step time:  33.00  scf time:  1305.64 secs  RMS[dV]: 2.09e-04 ]
 quench: [md:   0/100  scf:  64/200  step time:  30.70  scf time:  1336.35 secs  RMS[dV]: 1.72e-05 ]
 quench: [md:   0/100  scf:  65/200  step time:  13.00  scf time:  1349.35 secs  RMS[dV]: 1.69e-05 ]
 quench: [md:   0/100  scf:  66/200  step time:  28.62  scf time:  1377.97 secs  RMS[dV]: 3.10e-05 ]
 quench: [md:   0/100  scf:  67/200  step time:  31.63  scf time:  1409.59 secs  RMS[dV]: 5.32e-05 ]
 quench: [md:   0/100  scf:  68/200  step time:  30.14  scf time:  1439.74 secs  RMS[dV]: 3.96e-05 ]
 quench: [md:   0/100  scf:  69/200  step time:  17.35  scf time:  1457.08 secs  RMS[dV]: 2.56e-05 ]
 quench: [md:   0/100  scf:  70/200  step time:  13.91  scf time:  1470.99 secs  RMS[dV]: 1.86e-05 ]
 quench: [md:   0/100  scf:  71/200  step time:  13.44  scf time:  1484.43 secs  RMS[dV]: 1.40e-05 ]
 quench: [md:   0/100  scf:  72/200  step time:  13.21  scf time:  1497.64 secs  RMS[dV]: 7.63e-06 ]
 quench: [md:   0/100  scf:  73/200  step time:  13.41  scf time:  1511.05 secs  RMS[dV]: 7.84e-06 ]
 quench: [md:   0/100  scf:  74/200  step time:  14.87  scf time:  1525.91 secs  RMS[dV]: 1.54e-05 ]
 Convergence criterion reached: Energy variation (7.61e-11) is lower than threshold (1.00e-10)
 stress  total  in unit of kbar
 -11.377626  0.167623  -0.254940 
 0.167736  -11.851913  0.233697 
 -0.255005  0.233660  -12.519099 
