Detected ibrav 12 from lattice vectors.
You have selected Pulay or Broyden mixing so potential acceleration is disabled.
Too many eigenvalue multigrid levels specified. Resetting to 1
RMG running with 8 MPI procs per host.
C4: Numa aware allocation with 8 MPI procs, 128 cores and 4 numa nodes per host.
Running with 7 Open MP threads.
Running with 5 RMG threads.

               * * * * * * * * * *
               *    R   M   G    *
               * * * * * * * * * *

 -- A Real Space Multigrid Electronic structure code --
 --      More information at www.rmgdft.org          --



NOTICE: RMG internal pseudopotentials have switched to
ONCVP from Ultrasoft. You can revert to Ultrasoft by
adding the input tag internal_pseudo_type="ultrasoft" to
your input files.


 quench: [md:   0/100  scf:   0/200  step time: 536.01  scf time:   537.41 secs  RMS[dV]: ******** ]
 quench: [md:   0/100  scf:   1/200  step time: 226.18  scf time:   763.59 secs  RMS[dV]: 3.81e+00 ]
 quench: [md:   0/100  scf:   2/200  step time: 134.45  scf time:   898.04 secs  RMS[dV]: 1.21e+00 ]
 quench: [md:   0/100  scf:   3/200  step time: 108.41  scf time:  1006.45 secs  RMS[dV]: 4.48e-01 ]
 quench: [md:   0/100  scf:   4/200  step time: 226.87  scf time:  1233.32 secs  RMS[dV]: 3.91e-01 ]
 quench: [md:   0/100  scf:   5/200  step time: 212.11  scf time:  1445.44 secs  RMS[dV]: 1.15e-01 ]
 quench: [md:   0/100  scf:   6/200  step time: 269.10  scf time:  1714.54 secs  RMS[dV]: 2.10e-02 ]
 quench: [md:   0/100  scf:   7/200  step time: 105.25  scf time:  1819.79 secs  RMS[dV]: 2.78e-02 ]
 quench: [md:   0/100  scf:   8/200  step time: 130.95  scf time:  1950.74 secs  RMS[dV]: 2.22e-02 ]
 quench: [md:   0/100  scf:   9/200  step time: 160.01  scf time:  2110.76 secs  RMS[dV]: 3.19e-02 ]
 quench: [md:   0/100  scf:  10/200  step time: 106.31  scf time:  2217.07 secs  RMS[dV]: 5.25e-02 ]
 quench: [md:   0/100  scf:  11/200  step time: 107.28  scf time:  2324.35 secs  RMS[dV]: 8.28e-02 ]
 quench: [md:   0/100  scf:  12/200  step time: 367.17  scf time:  2691.52 secs  RMS[dV]: 9.89e-03 ]
 quench: [md:   0/100  scf:  13/200  step time: 240.90  scf time:  2932.42 secs  RMS[dV]: 1.03e-02 ]
 quench: [md:   0/100  scf:  14/200  step time: 185.31  scf time:  3117.73 secs  RMS[dV]: 5.12e-03 ]
 quench: [md:   0/100  scf:  15/200  step time: 132.91  scf time:  3250.64 secs  RMS[dV]: 8.13e-03 ]
 quench: [md:   0/100  scf:  16/200  step time: 107.61  scf time:  3358.25 secs  RMS[dV]: 1.05e-02 ]
 quench: [md:   0/100  scf:  17/200  step time: 134.79  scf time:  3493.03 secs  RMS[dV]: 5.00e-03 ]
 quench: [md:   0/100  scf:  18/200  step time: 136.24  scf time:  3629.27 secs  RMS[dV]: 5.95e-03 ]
 quench: [md:   0/100  scf:  19/200  step time: 239.01  scf time:  3868.28 secs  RMS[dV]: 4.10e-03 ]
 quench: [md:   0/100  scf:  20/200  step time: 230.54  scf time:  4098.82 secs  RMS[dV]: 3.67e-03 ]
 quench: [md:   0/100  scf:  21/200  step time: 131.48  scf time:  4230.30 secs  RMS[dV]: 3.05e-03 ]
 quench: [md:   0/100  scf:  22/200  step time: 107.22  scf time:  4337.52 secs  RMS[dV]: 3.03e-03 ]
 quench: [md:   0/100  scf:  23/200  step time: 107.09  scf time:  4444.61 secs  RMS[dV]: 2.70e-03 ]
 quench: [md:   0/100  scf:  24/200  step time: 108.51  scf time:  4553.12 secs  RMS[dV]: 2.98e-03 ]
 quench: [md:   0/100  scf:  25/200  step time: 106.40  scf time:  4659.53 secs  RMS[dV]: 3.29e-03 ]
 quench: [md:   0/100  scf:  26/200  step time: 107.94  scf time:  4767.47 secs  RMS[dV]: 2.52e-03 ]
 quench: [md:   0/100  scf:  27/200  step time: 131.93  scf time:  4899.40 secs  RMS[dV]: 1.98e-03 ]
 quench: [md:   0/100  scf:  28/200  step time: 108.98  scf time:  5008.38 secs  RMS[dV]: 2.26e-03 ]
 quench: [md:   0/100  scf:  29/200  step time: 108.12  scf time:  5116.50 secs  RMS[dV]: 2.09e-03 ]
 quench: [md:   0/100  scf:  30/200  step time: 108.28  scf time:  5224.78 secs  RMS[dV]: 2.03e-03 ]
 quench: [md:   0/100  scf:  31/200  step time: 106.72  scf time:  5331.50 secs  RMS[dV]: 1.69e-03 ]
 quench: [md:   0/100  scf:  32/200  step time: 103.96  scf time:  5435.47 secs  RMS[dV]: 1.73e-03 ]
 quench: [md:   0/100  scf:  33/200  step time: 107.61  scf time:  5543.07 secs  RMS[dV]: 1.73e-03 ]
 quench: [md:   0/100  scf:  34/200  step time: 132.98  scf time:  5676.06 secs  RMS[dV]: 2.30e-03 ]
 quench: [md:   0/100  scf:  35/200  step time: 107.14  scf time:  5783.20 secs  RMS[dV]: 1.25e-03 ]
 quench: [md:   0/100  scf:  36/200  step time: 108.24  scf time:  5891.44 secs  RMS[dV]: 1.81e-03 ]
 quench: [md:   0/100  scf:  37/200  step time: 180.14  scf time:  6071.59 secs  RMS[dV]: 1.41e-03 ]
 quench: [md:   0/100  scf:  38/200  step time: 106.58  scf time:  6178.17 secs  RMS[dV]: 1.47e-03 ]
 quench: [md:   0/100  scf:  39/200  step time: 106.58  scf time:  6284.75 secs  RMS[dV]: 1.06e-03 ]
 quench: [md:   0/100  scf:  40/200  step time: 135.92  scf time:  6420.67 secs  RMS[dV]: 1.62e-03 ]
 quench: [md:   0/100  scf:  41/200  step time: 209.36  scf time:  6630.03 secs  RMS[dV]: 1.19e-03 ]
 quench: [md:   0/100  scf:  42/200  step time: 106.99  scf time:  6737.02 secs  RMS[dV]: 5.71e-04 ]
 quench: [md:   0/100  scf:  43/200  step time: 103.62  scf time:  6840.64 secs  RMS[dV]: 5.80e-04 ]
 quench: [md:   0/100  scf:  44/200  step time: 133.15  scf time:  6973.79 secs  RMS[dV]: 8.17e-04 ]
 quench: [md:   0/100  scf:  45/200  step time: 203.54  scf time:  7177.34 secs  RMS[dV]: 8.30e-04 ]
 quench: [md:   0/100  scf:  46/200  step time: 133.29  scf time:  7310.63 secs  RMS[dV]: 3.75e-04 ]
 quench: [md:   0/100  scf:  47/200  step time: 206.65  scf time:  7517.28 secs  RMS[dV]: 2.75e-04 ]
 quench: [md:   0/100  scf:  48/200  step time: 108.17  scf time:  7625.45 secs  RMS[dV]: 3.86e-04 ]
 quench: [md:   0/100  scf:  49/200  step time: 107.16  scf time:  7732.61 secs  RMS[dV]: 5.06e-04 ]
 quench: [md:   0/100  scf:  50/200  step time: 256.92  scf time:  7989.55 secs  RMS[dV]: 3.41e-04 ]
 quench: [md:   0/100  scf:  51/200  step time: 107.92  scf time:  8097.47 secs  RMS[dV]: 5.72e-04 ]
 quench: [md:   0/100  scf:  52/200  step time: 133.60  scf time:  8231.07 secs  RMS[dV]: 4.76e-04 ]
 quench: [md:   0/100  scf:  53/200  step time: 104.73  scf time:  8335.80 secs  RMS[dV]: 2.40e-04 ]
 quench: [md:   0/100  scf:  54/200  step time: 130.71  scf time:  8466.51 secs  RMS[dV]: 6.20e-04 ]
 quench: [md:   0/100  scf:  55/200  step time: 135.33  scf time:  8601.84 secs  RMS[dV]: 3.62e-04 ]
 quench: [md:   0/100  scf:  56/200  step time: 106.74  scf time:  8708.59 secs  RMS[dV]: 2.49e-04 ]
 quench: [md:   0/100  scf:  57/200  step time: 132.59  scf time:  8841.18 secs  RMS[dV]: 4.73e-04 ]
 quench: [md:   0/100  scf:  58/200  step time: 106.03  scf time:  8947.21 secs  RMS[dV]: 2.66e-04 ]
 quench: [md:   0/100  scf:  59/200  step time: 106.03  scf time:  9053.24 secs  RMS[dV]: 3.66e-04 ]
 quench: [md:   0/100  scf:  60/200  step time: 104.66  scf time:  9157.90 secs  RMS[dV]: 3.21e-04 ]
 quench: [md:   0/100  scf:  61/200  step time: 184.49  scf time:  9342.40 secs  RMS[dV]: 4.20e-04 ]
 quench: [md:   0/100  scf:  62/200  step time: 208.90  scf time:  9551.30 secs  RMS[dV]: 7.59e-04 ]
 quench: [md:   0/100  scf:  63/200  step time: 107.96  scf time:  9659.26 secs  RMS[dV]: 3.00e-04 ]
 quench: [md:   0/100  scf:  64/200  step time: 105.49  scf time:  9764.75 secs  RMS[dV]: 2.89e-04 ]
 quench: [md:   0/100  scf:  65/200  step time: 233.46  scf time:  9998.21 secs  RMS[dV]: 2.96e-04 ]
 quench: [md:   0/100  scf:  66/200  step time: 209.24  scf time: 10207.45 secs  RMS[dV]: 1.11e-04 ]
 quench: [md:   0/100  scf:  67/200  step time: 237.27  scf time: 10444.73 secs  RMS[dV]: 3.59e-05 ]
 quench: [md:   0/100  scf:  68/200  step time: 298.02  scf time: 10742.74 secs  RMS[dV]: 9.91e-05 ]
 quench: [md:   0/100  scf:  69/200  step time: 288.88  scf time: 11031.62 secs  RMS[dV]: 8.38e-05 ]
 quench: [md:   0/100  scf:  70/200  step time: 132.72  scf time: 11164.34 secs  RMS[dV]: 9.95e-05 ]
 quench: [md:   0/100  scf:  71/200  step time: 106.04  scf time: 11270.38 secs  RMS[dV]: 7.29e-05 ]
 quench: [md:   0/100  scf:  72/200  step time: 106.16  scf time: 11376.55 secs  RMS[dV]: 7.67e-05 ]
 quench: [md:   0/100  scf:  73/200  step time: 245.80  scf time: 11622.35 secs  RMS[dV]: 6.38e-05 ]
 quench: [md:   0/100  scf:  74/200  step time: 105.62  scf time: 11727.97 secs  RMS[dV]: 3.95e-05 ]
 quench: [md:   0/100  scf:  75/200  step time: 345.88  scf time: 12073.85 secs  RMS[dV]: 5.65e-05 ]
 quench: [md:   0/100  scf:  76/200  step time: 259.12  scf time: 12332.97 secs  RMS[dV]: 2.16e-05 ]
 quench: [md:   0/100  scf:  77/200  step time: 123.07  scf time: 12456.04 secs  RMS[dV]: 3.20e-05 ]
 Convergence criterion reached: Energy variation (7.62e-09) is lower than threshold (1.00e-08)
 stress  total  in unit of kbar
 -11.971636  2.826864  -1.545293 
 2.826864  -14.061526  -1.193246 
 -1.545293  -1.193246  -15.358267 

MPICH Slingshot Network Summary: 194 network timeouts

