Detected ibrav 12 from lattice vectors.
You have selected Pulay or Broyden mixing so potential acceleration is disabled.
Too many eigenvalue multigrid levels specified. Resetting to 1
RMG running with 8 MPI procs per host.
C4: Numa aware allocation with 8 MPI procs, 128 cores and 4 numa nodes per host.
Running with 7 Open MP threads.
Running with 5 RMG threads.

               * * * * * * * * * *
               *    R   M   G    *
               * * * * * * * * * *

 -- A Real Space Multigrid Electronic structure code --
 --      More information at www.rmgdft.org          --



NOTICE: RMG internal pseudopotentials have switched to
ONCVP from Ultrasoft. You can revert to Ultrasoft by
adding the input tag internal_pseudo_type="ultrasoft" to
your input files.


 quench: [md:   0/100  scf:   0/200  step time: 429.88  scf time:   431.64 secs  RMS[dV]: ******** ]
 quench: [md:   0/100  scf:   1/200  step time: 183.76  scf time:   615.40 secs  RMS[dV]: 3.84e+00 ]
 quench: [md:   0/100  scf:   2/200  step time: 107.52  scf time:   722.92 secs  RMS[dV]: 2.19e-01 ]
 quench: [md:   0/100  scf:   3/200  step time:  83.97  scf time:   806.89 secs  RMS[dV]: 2.08e-01 ]
 quench: [md:   0/100  scf:   4/200  step time: 252.07  scf time:  1058.95 secs  RMS[dV]: 2.22e-01 ]
 quench: [md:   0/100  scf:   5/200  step time: 184.72  scf time:  1243.68 secs  RMS[dV]: 7.57e-02 ]
 quench: [md:   0/100  scf:   6/200  step time: 167.83  scf time:  1411.50 secs  RMS[dV]: 3.45e-02 ]
 quench: [md:   0/100  scf:   7/200  step time: 220.38  scf time:  1631.89 secs  RMS[dV]: 3.21e-02 ]
 quench: [md:   0/100  scf:   8/200  step time: 108.65  scf time:  1740.53 secs  RMS[dV]: 2.57e-02 ]
 quench: [md:   0/100  scf:   9/200  step time:  83.86  scf time:  1824.40 secs  RMS[dV]: 2.44e-02 ]
 quench: [md:   0/100  scf:  10/200  step time: 236.91  scf time:  2061.31 secs  RMS[dV]: 1.75e-02 ]
 quench: [md:   0/100  scf:  11/200  step time: 106.71  scf time:  2168.03 secs  RMS[dV]: 1.31e-02 ]
 quench: [md:   0/100  scf:  12/200  step time: 156.76  scf time:  2324.78 secs  RMS[dV]: 8.27e-03 ]
 quench: [md:   0/100  scf:  13/200  step time: 277.61  scf time:  2602.39 secs  RMS[dV]: 6.03e-03 ]
 quench: [md:   0/100  scf:  14/200  step time: 260.22  scf time:  2862.61 secs  RMS[dV]: 1.03e-02 ]
 quench: [md:   0/100  scf:  15/200  step time: 263.46  scf time:  3126.07 secs  RMS[dV]: 8.40e-03 ]
 quench: [md:   0/100  scf:  16/200  step time: 297.84  scf time:  3423.91 secs  RMS[dV]: 7.32e-03 ]
 quench: [md:   0/100  scf:  17/200  step time: 250.68  scf time:  3674.59 secs  RMS[dV]: 4.34e-03 ]
 quench: [md:   0/100  scf:  18/200  step time: 108.74  scf time:  3783.33 secs  RMS[dV]: 4.11e-03 ]
 quench: [md:   0/100  scf:  19/200  step time: 115.95  scf time:  3899.28 secs  RMS[dV]: 3.88e-03 ]
 quench: [md:   0/100  scf:  20/200  step time:  85.85  scf time:  3985.14 secs  RMS[dV]: 3.21e-03 ]
 quench: [md:   0/100  scf:  21/200  step time: 109.60  scf time:  4094.74 secs  RMS[dV]: 3.00e-03 ]
 quench: [md:   0/100  scf:  22/200  step time: 108.29  scf time:  4203.03 secs  RMS[dV]: 2.85e-03 ]
 quench: [md:   0/100  scf:  23/200  step time:  85.41  scf time:  4288.44 secs  RMS[dV]: 2.94e-03 ]
 quench: [md:   0/100  scf:  24/200  step time: 107.83  scf time:  4396.27 secs  RMS[dV]: 3.21e-03 ]
 quench: [md:   0/100  scf:  25/200  step time: 111.72  scf time:  4507.99 secs  RMS[dV]: 2.05e-03 ]
 quench: [md:   0/100  scf:  26/200  step time: 109.14  scf time:  4617.14 secs  RMS[dV]: 1.89e-03 ]
 quench: [md:   0/100  scf:  27/200  step time: 154.35  scf time:  4771.48 secs  RMS[dV]: 2.73e-03 ]
 quench: [md:   0/100  scf:  28/200  step time: 109.28  scf time:  4880.76 secs  RMS[dV]: 1.45e-03 ]
 quench: [md:   0/100  scf:  29/200  step time: 108.27  scf time:  4989.02 secs  RMS[dV]: 1.37e-03 ]
 quench: [md:   0/100  scf:  30/200  step time: 111.05  scf time:  5100.08 secs  RMS[dV]: 1.39e-03 ]
 quench: [md:   0/100  scf:  31/200  step time: 109.14  scf time:  5209.23 secs  RMS[dV]: 1.19e-03 ]
 quench: [md:   0/100  scf:  32/200  step time: 210.95  scf time:  5420.17 secs  RMS[dV]: 7.65e-04 ]
 quench: [md:   0/100  scf:  33/200  step time: 108.88  scf time:  5529.05 secs  RMS[dV]: 8.39e-04 ]
 quench: [md:   0/100  scf:  34/200  step time:  83.78  scf time:  5612.83 secs  RMS[dV]: 6.91e-04 ]
 quench: [md:   0/100  scf:  35/200  step time:  84.67  scf time:  5697.51 secs  RMS[dV]: 6.67e-04 ]
 quench: [md:   0/100  scf:  36/200  step time:  86.20  scf time:  5783.70 secs  RMS[dV]: 7.72e-04 ]
 quench: [md:   0/100  scf:  37/200  step time: 107.09  scf time:  5890.79 secs  RMS[dV]: 7.68e-04 ]
 quench: [md:   0/100  scf:  38/200  step time: 181.51  scf time:  6072.30 secs  RMS[dV]: 6.37e-04 ]
 quench: [md:   0/100  scf:  39/200  step time: 182.95  scf time:  6255.25 secs  RMS[dV]: 8.18e-04 ]
 quench: [md:   0/100  scf:  40/200  step time: 157.05  scf time:  6412.31 secs  RMS[dV]: 5.49e-04 ]
 quench: [md:   0/100  scf:  41/200  step time: 184.30  scf time:  6596.61 secs  RMS[dV]: 4.04e-04 ]
 quench: [md:   0/100  scf:  42/200  step time: 109.09  scf time:  6705.70 secs  RMS[dV]: 2.95e-04 ]
